{"level":"error","msg":"The ACME resolver \"le\" is skipped from the resolvers list because: unable to get ACME account: permissions 777 for acme.json are too open, please use 600","time":"2022-06-06T06:30:25Z"}
{"entryPointName":"metrics","level":"error","msg":"entryPoint \"metrics\" doesn't exist","routerName":"prometheus@internal","time":"2022-06-06T06:30:25Z"}
{"level":"error","msg":"no valid entryPoint for this router","routerName":"prometheus@internal","time":"2022-06-06T06:30:25Z"}
{"entryPointName":"web","level":"error","msg":"HTTP challenge is not enabled","routerName":"acme-http@internal","time":"2022-06-06T06:30:25Z"}
{"entryPointName":"metrics","level":"error","msg":"entryPoint \"metrics\" doesn't exist","routerName":"prometheus@internal","time":"2022-06-06T06:30:26Z"}
{"level":"error","msg":"no valid entryPoint for this router","routerName":"prometheus@internal","time":"2022-06-06T06:30:26Z"}
{"entryPointName":"web","level":"error","msg":"HTTP challenge is not enabled","routerName":"acme-http@internal","time":"2022-06-06T06:30:26Z"}
{"entryPointName":"metrics","level":"error","msg":"entryPoint \"metrics\" doesn't exist","routerName":"prometheus@internal","time":"2022-06-06T06:32:23Z"}
{"level":"error","msg":"no valid entryPoint for this router","routerName":"prometheus@internal","time":"2022-06-06T06:32:23Z"}
{"entryPointName":"web","level":"error","msg":"HTTP challenge is not enabled","routerName":"acme-http@internal","time":"2022-06-06T06:32:23Z"}
{"entryPointName":"metrics","level":"error","msg":"entryPoint \"metrics\" doesn't exist","routerName":"prometheus@internal","time":"2022-06-06T06:32:31Z"}
{"level":"error","msg":"no valid entryPoint for this router","routerName":"prometheus@internal","time":"2022-06-06T06:32:31Z"}
{"entryPointName":"web","level":"error","msg":"HTTP challenge is not enabled","routerName":"acme-http@internal","time":"2022-06-06T06:32:31Z"}
{"entryPointName":"metrics","level":"error","msg":"entryPoint \"metrics\" doesn't exist","routerName":"prometheus@internal","time":"2022-06-06T06:32:33Z"}
{"level":"error","msg":"no valid entryPoint for this router","routerName":"prometheus@internal","time":"2022-06-06T06:32:33Z"}
{"entryPointName":"web","level":"error","msg":"HTTP challenge is not enabled","routerName":"acme-http@internal","time":"2022-06-06T06:32:33Z"}
{"entryPointName":"traefik","level":"error","msg":"accept tcp [::]:8080: use of closed network connection","time":"2022-06-06T06:39:45Z"}
{"entryPointName":"web","level":"error","msg":"accept tcp [::]:80: use of closed network connection","time":"2022-06-06T06:39:45Z"}
{"entryPointName":"traefik","level":"error","msg":"close tcp [::]:8080: use of closed network connection","time":"2022-06-06T06:39:45Z"}
{"entryPointName":"websecure","level":"error","msg":"accept tcp [::]:443: use of closed network connection","time":"2022-06-06T06:39:45Z"}
{"entryPointName":"websecure","level":"error","msg":"close tcp [::]:443: use of closed network connection","time":"2022-06-06T06:39:45Z"}
{"entryPointName":"web","level":"error","msg":"close tcp [::]:80: use of closed network connection","time":"2022-06-06T06:39:45Z"}
{"level":"error","msg":"The ACME resolver \"le\" is skipped from the resolvers list because: unable to get ACME account: permissions 777 for acme.json are too open, please use 600","time":"2022-06-06T06:39:48Z"}
{"entryPointName":"metrics","level":"error","msg":"entryPoint \"metrics\" doesn't exist","routerName":"prometheus@internal","time":"2022-06-06T06:39:48Z"}
{"level":"error","msg":"no valid entryPoint for this router","routerName":"prometheus@internal","time":"2022-06-06T06:39:48Z"}
{"entryPointName":"web","level":"error","msg":"HTTP challenge is not enabled","routerName":"acme-http@internal","time":"2022-06-06T06:39:48Z"}
{"entryPointName":"metrics","level":"error","msg":"entryPoint \"metrics\" doesn't exist","routerName":"prometheus@internal","time":"2022-06-06T06:39:49Z"}
{"level":"error","msg":"no valid entryPoint for this router","routerName":"prometheus@internal","time":"2022-06-06T06:39:49Z"}
{"entryPointName":"web","level":"error","msg":"HTTP challenge is not enabled","routerName":"acme-http@internal","time":"2022-06-06T06:39:49Z"}
{"entryPointName":"websecure","level":"error","msg":"accept tcp [::]:443: use of closed network connection","time":"2022-06-06T06:40:09Z"}
{"entryPointName":"traefik","level":"error","msg":"accept tcp [::]:8080: use of closed network connection","time":"2022-06-06T06:40:09Z"}
{"entryPointName":"web","level":"error","msg":"accept tcp [::]:80: use of closed network connection","time":"2022-06-06T06:40:09Z"}
{"entryPointName":"websecure","level":"error","msg":"close tcp [::]:443: use of closed network connection","time":"2022-06-06T06:40:09Z"}
{"entryPointName":"web","level":"error","msg":"close tcp [::]:80: use of closed network connection","time":"2022-06-06T06:40:09Z"}
{"entryPointName":"traefik","level":"error","msg":"close tcp [::]:8080: use of closed network connection","time":"2022-06-06T06:40:09Z"}
{"level":"error","msg":"The ACME resolver \"le\" is skipped from the resolvers list because: unable to get ACME account: permissions 777 for acme.json are too open, please use 600","time":"2022-06-06T06:40:18Z"}
{"entryPointName":"metrics","level":"error","msg":"entryPoint \"metrics\" doesn't exist","routerName":"prometheus@internal","time":"2022-06-06T06:40:18Z"}
{"level":"error","msg":"no valid entryPoint for this router","routerName":"prometheus@internal","time":"2022-06-06T06:40:18Z"}
{"entryPointName":"web","level":"error","msg":"HTTP challenge is not enabled","routerName":"acme-http@internal","time":"2022-06-06T06:40:18Z"}
{"entryPointName":"metrics","level":"error","msg":"entryPoint \"metrics\" doesn't exist","routerName":"prometheus@internal","time":"2022-06-06T06:40:18Z"}
{"level":"error","msg":"no valid entryPoint for this router","routerName":"prometheus@internal","time":"2022-06-06T06:40:18Z"}
{"entryPointName":"web","level":"error","msg":"HTTP challenge is not enabled","routerName":"acme-http@internal","time":"2022-06-06T06:40:18Z"}
{"entryPointName":"web","level":"error","msg":"accept tcp [::]:80: use of closed network connection","time":"2022-06-06T06:44:19Z"}
{"entryPointName":"websecure","level":"error","msg":"accept tcp [::]:443: use of closed network connection","time":"2022-06-06T06:44:19Z"}
{"entryPointName":"traefik","level":"error","msg":"accept tcp [::]:8080: use of closed network connection","time":"2022-06-06T06:44:19Z"}
{"entryPointName":"web","level":"error","msg":"close tcp [::]:80: use of closed network connection","time":"2022-06-06T06:44:19Z"}
{"entryPointName":"websecure","level":"error","msg":"close tcp [::]:443: use of closed network connection","time":"2022-06-06T06:44:19Z"}
{"entryPointName":"traefik","level":"error","msg":"close tcp [::]:8080: use of closed network connection","time":"2022-06-06T06:44:19Z"}
{"level":"error","msg":"The ACME resolver \"le\" is skipped from the resolvers list because: unable to get ACME account: permissions 777 for acme.json are too open, please use 600","time":"2022-06-06T06:44:29Z"}
{"entryPointName":"metrics","level":"error","msg":"entryPoint \"metrics\" doesn't exist","routerName":"prometheus@internal","time":"2022-06-06T06:44:30Z"}
{"level":"error","msg":"no valid entryPoint for this router","routerName":"prometheus@internal","time":"2022-06-06T06:44:30Z"}
{"entryPointName":"web","level":"error","msg":"HTTP challenge is not enabled","routerName":"acme-http@internal","time":"2022-06-06T06:44:30Z"}
{"entryPointName":"metrics","level":"error","msg":"entryPoint \"metrics\" doesn't exist","routerName":"prometheus@internal","time":"2022-06-06T06:44:30Z"}
{"level":"error","msg":"no valid entryPoint for this router","routerName":"prometheus@internal","time":"2022-06-06T06:44:30Z"}
{"entryPointName":"web","level":"error","msg":"HTTP challenge is not enabled","routerName":"acme-http@internal","time":"2022-06-06T06:44:30Z"}
{"entryPointName":"metrics","level":"error","msg":"entryPoint \"metrics\" doesn't exist","routerName":"prometheus@internal","time":"2022-06-06T06:55:49Z"}
{"level":"error","msg":"no valid entryPoint for this router","routerName":"prometheus@internal","time":"2022-06-06T06:55:49Z"}
{"entryPointName":"web","level":"error","msg":"HTTP challenge is not enabled","routerName":"acme-http@internal","time":"2022-06-06T06:55:49Z"}
{"entryPointName":"metrics","level":"error","msg":"entryPoint \"metrics\" doesn't exist","routerName":"prometheus@internal","time":"2022-06-06T06:55:52Z"}
{"level":"error","msg":"no valid entryPoint for this router","routerName":"prometheus@internal","time":"2022-06-06T06:55:52Z"}
{"entryPointName":"web","level":"error","msg":"HTTP challenge is not enabled","routerName":"acme-http@internal","time":"2022-06-06T06:55:52Z"}
{"entryPointName":"traefik","level":"error","msg":"accept tcp [::]:8080: use of closed network connection","time":"2022-06-06T06:58:31Z"}
{"entryPointName":"websecure","level":"error","msg":"accept tcp [::]:443: use of closed network connection","time":"2022-06-06T06:58:31Z"}
{"entryPointName":"web","level":"error","msg":"accept tcp [::]:80: use of closed network connection","time":"2022-06-06T06:58:31Z"}
{"entryPointName":"traefik","level":"error","msg":"close tcp [::]:8080: use of closed network connection","time":"2022-06-06T06:58:31Z"}
{"entryPointName":"websecure","level":"error","msg":"close tcp [::]:443: use of closed network connection","time":"2022-06-06T06:58:31Z"}
{"entryPointName":"web","level":"error","msg":"close tcp [::]:80: use of closed network connection","time":"2022-06-06T06:58:31Z"}
{"level":"error","msg":"The ACME resolver \"le\" is skipped from the resolvers list because: unable to get ACME account: permissions 777 for acme.json are too open, please use 600","time":"2022-06-06T06:59:20Z"}
{"entryPointName":"metrics","level":"error","msg":"entryPoint \"metrics\" doesn't exist","routerName":"prometheus@internal","time":"2022-06-06T06:59:21Z"}
{"level":"error","msg":"no valid entryPoint for this router","routerName":"prometheus@internal","time":"2022-06-06T06:59:21Z"}
{"entryPointName":"web","level":"error","msg":"HTTP challenge is not enabled","routerName":"acme-http@internal","time":"2022-06-06T06:59:21Z"}
{"entryPointName":"metrics","level":"error","msg":"entryPoint \"metrics\" doesn't exist","routerName":"prometheus@internal","time":"2022-06-06T06:59:21Z"}
{"level":"error","msg":"no valid entryPoint for this router","routerName":"prometheus@internal","time":"2022-06-06T06:59:21Z"}
{"entryPointName":"web","level":"error","msg":"HTTP challenge is not enabled","routerName":"acme-http@internal","time":"2022-06-06T06:59:21Z"}
{"entryPointName":"traefik","level":"error","msg":"accept tcp [::]:8080: use of closed network connection","time":"2022-06-06T06:59:46Z"}
{"entryPointName":"web","level":"error","msg":"accept tcp [::]:80: use of closed network connection","time":"2022-06-06T06:59:46Z"}
{"entryPointName":"websecure","level":"error","msg":"accept tcp [::]:443: use of closed network connection","time":"2022-06-06T06:59:46Z"}
{"entryPointName":"traefik","level":"error","msg":"close tcp [::]:8080: use of closed network connection","time":"2022-06-06T06:59:46Z"}
{"entryPointName":"web","level":"error","msg":"close tcp [::]:80: use of closed network connection","time":"2022-06-06T06:59:46Z"}
{"entryPointName":"websecure","level":"error","msg":"close tcp [::]:443: use of closed network connection","time":"2022-06-06T06:59:46Z"}
{"level":"error","msg":"The ACME resolver \"le\" is skipped from the resolvers list because: unable to get ACME account: permissions 777 for acme.json are too open, please use 600","time":"2022-06-06T07:00:34Z"}
{"entryPointName":"metrics","level":"error","msg":"entryPoint \"metrics\" doesn't exist","routerName":"prometheus@internal","time":"2022-06-06T07:00:34Z"}
{"level":"error","msg":"no valid entryPoint for this router","routerName":"prometheus@internal","time":"2022-06-06T07:00:34Z"}
{"entryPointName":"web","level":"error","msg":"HTTP challenge is not enabled","routerName":"acme-http@internal","time":"2022-06-06T07:00:34Z"}
{"entryPointName":"metrics","level":"error","msg":"entryPoint \"metrics\" doesn't exist","routerName":"prometheus@internal","time":"2022-06-06T07:00:35Z"}
{"level":"error","msg":"no valid entryPoint for this router","routerName":"prometheus@internal","time":"2022-06-06T07:00:35Z"}
{"entryPointName":"web","level":"error","msg":"HTTP challenge is not enabled","routerName":"acme-http@internal","time":"2022-06-06T07:00:35Z"}
{"entryPointName":"metrics","level":"error","msg":"entryPoint \"metrics\" doesn't exist","routerName":"prometheus@internal","time":"2022-06-06T07:00:40Z"}
{"level":"error","msg":"no valid entryPoint for this router","routerName":"prometheus@internal","time":"2022-06-06T07:00:40Z"}
{"entryPointName":"web","level":"error","msg":"HTTP challenge is not enabled","routerName":"acme-http@internal","time":"2022-06-06T07:00:40Z"}
{"entryPointName":"metrics","level":"error","msg":"entryPoint \"metrics\" doesn't exist","routerName":"prometheus@internal","time":"2022-06-06T07:00:42Z"}
{"level":"error","msg":"no valid entryPoint for this router","routerName":"prometheus@internal","time":"2022-06-06T07:00:42Z"}
{"entryPointName":"web","level":"error","msg":"HTTP challenge is not enabled","routerName":"acme-http@internal","time":"2022-06-06T07:00:42Z"}
{"entryPointName":"metrics","level":"error","msg":"entryPoint \"metrics\" doesn't exist","routerName":"prometheus@internal","time":"2022-06-06T07:00:44Z"}
{"level":"error","msg":"no valid entryPoint for this router","routerName":"prometheus@internal","time":"2022-06-06T07:00:44Z"}
{"entryPointName":"web","level":"error","msg":"HTTP challenge is not enabled","routerName":"acme-http@internal","time":"2022-06-06T07:00:44Z"}
{"entryPointName":"traefik","level":"error","msg":"accept tcp [::]:8080: use of closed network connection","time":"2022-06-06T07:16:35Z"}
{"entryPointName":"web","level":"error","msg":"accept tcp [::]:80: use of closed network connection","time":"2022-06-06T07:16:35Z"}
{"entryPointName":"traefik","level":"error","msg":"close tcp [::]:8080: use of closed network connection","time":"2022-06-06T07:16:35Z"}
{"entryPointName":"websecure","level":"error","msg":"accept tcp [::]:443: use of closed network connection","time":"2022-06-06T07:16:35Z"}
{"entryPointName":"websecure","level":"error","msg":"close tcp [::]:443: use of closed network connection","time":"2022-06-06T07:16:35Z"}
{"entryPointName":"web","level":"error","msg":"close tcp [::]:80: use of closed network connection","time":"2022-06-06T07:16:35Z"}
{"level":"error","msg":"Cannot connect to docker server context canceled","providerName":"docker","time":"2022-06-06T07:16:36Z"}
{"level":"error","msg":"The ACME resolver \"le\" is skipped from the resolvers list because: unable to get ACME account: permissions 777 for acme.json are too open, please use 600","time":"2022-06-06T07:17:16Z"}
{"entryPointName":"metrics","level":"error","msg":"entryPoint \"metrics\" doesn't exist","routerName":"prometheus@internal","time":"2022-06-06T07:17:16Z"}
{"level":"error","msg":"no valid entryPoint for this router","routerName":"prometheus@internal","time":"2022-06-06T07:17:16Z"}
{"entryPointName":"web","level":"error","msg":"HTTP challenge is not enabled","routerName":"acme-http@internal","time":"2022-06-06T07:17:16Z"}
{"entryPointName":"metrics","level":"error","msg":"entryPoint \"metrics\" doesn't exist","routerName":"prometheus@internal","time":"2022-06-06T07:17:17Z"}
{"level":"error","msg":"no valid entryPoint for this router","routerName":"prometheus@internal","time":"2022-06-06T07:17:17Z"}
{"entryPointName":"web","level":"error","msg":"HTTP challenge is not enabled","routerName":"acme-http@internal","time":"2022-06-06T07:17:17Z"}
{"entryPointName":"metrics","level":"error","msg":"entryPoint \"metrics\" doesn't exist","routerName":"prometheus@internal","time":"2022-06-06T07:17:23Z"}
{"level":"error","msg":"no valid entryPoint for this router","routerName":"prometheus@internal","time":"2022-06-06T07:17:23Z"}
{"entryPointName":"web","level":"error","msg":"HTTP challenge is not enabled","routerName":"acme-http@internal","time":"2022-06-06T07:17:23Z"}
{"entryPointName":"metrics","level":"error","msg":"entryPoint \"metrics\" doesn't exist","routerName":"prometheus@internal","time":"2022-06-06T07:17:25Z"}
{"level":"error","msg":"no valid entryPoint for this router","routerName":"prometheus@internal","time":"2022-06-06T07:17:25Z"}
{"entryPointName":"web","level":"error","msg":"HTTP challenge is not enabled","routerName":"acme-http@internal","time":"2022-06-06T07:17:25Z"}
{"entryPointName":"websecure","level":"error","msg":"accept tcp [::]:443: use of closed network connection","time":"2022-06-06T07:18:15Z"}
{"entryPointName":"web","level":"error","msg":"accept tcp [::]:88: use of closed network connection","time":"2022-06-06T07:18:15Z"}
{"entryPointName":"traefik","level":"error","msg":"accept tcp [::]:8080: use of closed network connection","time":"2022-06-06T07:18:15Z"}
{"entryPointName":"websecure","level":"error","msg":"close tcp [::]:443: use of closed network connection","time":"2022-06-06T07:18:15Z"}
{"entryPointName":"web","level":"error","msg":"close tcp [::]:88: use of closed network connection","time":"2022-06-06T07:18:15Z"}
{"entryPointName":"traefik","level":"error","msg":"close tcp [::]:8080: use of closed network connection","time":"2022-06-06T07:18:15Z"}
{"entryPointName":"metrics","level":"error","msg":"entryPoint \"metrics\" doesn't exist","routerName":"prometheus@internal","time":"2022-06-06T07:18:16Z"}
{"level":"error","msg":"no valid entryPoint for this router","routerName":"prometheus@internal","time":"2022-06-06T07:18:16Z"}
{"entryPointName":"web","level":"error","msg":"HTTP challenge is not enabled","routerName":"acme-http@internal","time":"2022-06-06T07:18:16Z"}
{"level":"error","msg":"The ACME resolver \"le\" is skipped from the resolvers list because: unable to get ACME account: permissions 777 for acme.json are too open, please use 600","time":"2022-06-06T07:18:28Z"}
{"entryPointName":"metrics","level":"error","msg":"entryPoint \"metrics\" doesn't exist","routerName":"prometheus@internal","time":"2022-06-06T07:18:28Z"}
{"level":"error","msg":"no valid entryPoint for this router","routerName":"prometheus@internal","time":"2022-06-06T07:18:29Z"}
{"entryPointName":"web","level":"error","msg":"HTTP challenge is not enabled","routerName":"acme-http@internal","time":"2022-06-06T07:18:29Z"}
{"entryPointName":"metrics","level":"error","msg":"entryPoint \"metrics\" doesn't exist","routerName":"prometheus@internal","time":"2022-06-06T07:18:29Z"}
{"level":"error","msg":"no valid entryPoint for this router","routerName":"prometheus@internal","time":"2022-06-06T07:18:29Z"}
{"entryPointName":"web","level":"error","msg":"HTTP challenge is not enabled","routerName":"acme-http@internal","time":"2022-06-06T07:18:29Z"}
{"entryPointName":"metrics","level":"error","msg":"entryPoint \"metrics\" doesn't exist","routerName":"prometheus@internal","time":"2022-06-06T07:18:35Z"}
{"level":"error","msg":"no valid entryPoint for this router","routerName":"prometheus@internal","time":"2022-06-06T07:18:35Z"}
{"entryPointName":"web","level":"error","msg":"HTTP challenge is not enabled","routerName":"acme-http@internal","time":"2022-06-06T07:18:35Z"}
{"entryPointName":"metrics","level":"error","msg":"entryPoint \"metrics\" doesn't exist","routerName":"prometheus@internal","time":"2022-06-06T07:18:37Z"}
{"level":"error","msg":"no valid entryPoint for this router","routerName":"prometheus@internal","time":"2022-06-06T07:18:37Z"}
{"entryPointName":"web","level":"error","msg":"HTTP challenge is not enabled","routerName":"acme-http@internal","time":"2022-06-06T07:18:37Z"}
{"level":"error","msg":"The ACME resolver \"le\" is skipped from the resolvers list because: unable to get ACME account: permissions 777 for acme.json are too open, please use 600","time":"2022-06-06T07:19:41Z"}
{"entryPointName":"metrics","level":"error","msg":"entryPoint \"metrics\" doesn't exist","routerName":"prometheus@internal","time":"2022-06-06T07:19:41Z"}
{"level":"error","msg":"no valid entryPoint for this router","routerName":"prometheus@internal","time":"2022-06-06T07:19:41Z"}
{"entryPointName":"web","level":"error","msg":"HTTP challenge is not enabled","routerName":"acme-http@internal","time":"2022-06-06T07:19:41Z"}
{"entryPointName":"metrics","level":"error","msg":"entryPoint \"metrics\" doesn't exist","routerName":"prometheus@internal","time":"2022-06-06T07:19:41Z"}
{"level":"error","msg":"no valid entryPoint for this router","routerName":"prometheus@internal","time":"2022-06-06T07:19:41Z"}
{"entryPointName":"web","level":"error","msg":"HTTP challenge is not enabled","routerName":"acme-http@internal","time":"2022-06-06T07:19:41Z"}
{"entryPointName":"metrics","level":"error","msg":"entryPoint \"metrics\" doesn't exist","routerName":"prometheus@internal","time":"2022-06-06T07:19:46Z"}
{"level":"error","msg":"no valid entryPoint for this router","routerName":"prometheus@internal","time":"2022-06-06T07:19:46Z"}
{"entryPointName":"web","level":"error","msg":"HTTP challenge is not enabled","routerName":"acme-http@internal","time":"2022-06-06T07:19:46Z"}
{"entryPointName":"metrics","level":"error","msg":"entryPoint \"metrics\" doesn't exist","routerName":"prometheus@internal","time":"2022-06-06T07:19:47Z"}
{"level":"error","msg":"no valid entryPoint for this router","routerName":"prometheus@internal","time":"2022-06-06T07:19:47Z"}
{"entryPointName":"web","level":"error","msg":"HTTP challenge is not enabled","routerName":"acme-http@internal","time":"2022-06-06T07:19:47Z"}
{"entryPointName":"websecure","level":"error","msg":"accept tcp [::]:443: use of closed network connection","time":"2022-06-06T07:21:19Z"}
{"entryPointName":"web","level":"error","msg":"accept tcp [::]:80: use of closed network connection","time":"2022-06-06T07:21:19Z"}
{"entryPointName":"traefik","level":"error","msg":"accept tcp [::]:8080: use of closed network connection","time":"2022-06-06T07:21:19Z"}
{"entryPointName":"traefik","level":"error","msg":"close tcp [::]:8080: use of closed network connection","time":"2022-06-06T07:21:19Z"}
{"entryPointName":"websecure","level":"error","msg":"close tcp [::]:443: use of closed network connection","time":"2022-06-06T07:21:19Z"}
{"entryPointName":"web","level":"error","msg":"close tcp [::]:80: use of closed network connection","time":"2022-06-06T07:21:19Z"}
{"level":"error","msg":"Failed to list containers for docker, error Get \"http://%2Fvar%2Frun%2Fdocker.sock/v1.24/containers/json?limit=0\": context canceled","providerName":"docker","time":"2022-06-06T07:21:19Z"}
{"level":"error","msg":"Cannot connect to docker server context canceled","providerName":"docker","time":"2022-06-06T07:21:19Z"}
{"level":"error","msg":"The ACME resolver \"le\" is skipped from the resolvers list because: unable to get ACME account: permissions 777 for acme.json are too open, please use 600","time":"2022-06-06T07:28:44Z"}
{"entryPointName":"metrics","level":"error","msg":"entryPoint \"metrics\" doesn't exist","routerName":"prometheus@internal","time":"2022-06-06T07:28:44Z"}
{"level":"error","msg":"no valid entryPoint for this router","routerName":"prometheus@internal","time":"2022-06-06T07:28:44Z"}
{"entryPointName":"web","level":"error","msg":"HTTP challenge is not enabled","routerName":"acme-http@internal","time":"2022-06-06T07:28:44Z"}
{"entryPointName":"metrics","level":"error","msg":"entryPoint \"metrics\" doesn't exist","routerName":"prometheus@internal","time":"2022-06-06T07:28:44Z"}
{"level":"error","msg":"no valid entryPoint for this router","routerName":"prometheus@internal","time":"2022-06-06T07:28:44Z"}
{"entryPointName":"web","level":"error","msg":"HTTP challenge is not enabled","routerName":"acme-http@internal","time":"2022-06-06T07:28:44Z"}
{"entryPointName":"metrics","level":"error","msg":"entryPoint \"metrics\" doesn't exist","routerName":"prometheus@internal","time":"2022-06-06T07:28:50Z"}
{"level":"error","msg":"no valid entryPoint for this router","routerName":"prometheus@internal","time":"2022-06-06T07:28:50Z"}
{"entryPointName":"web","level":"error","msg":"HTTP challenge is not enabled","routerName":"acme-http@internal","time":"2022-06-06T07:28:50Z"}
{"entryPointName":"metrics","level":"error","msg":"entryPoint \"metrics\" doesn't exist","routerName":"prometheus@internal","time":"2022-06-06T07:28:52Z"}
{"level":"error","msg":"no valid entryPoint for this router","routerName":"prometheus@internal","time":"2022-06-06T07:28:52Z"}
{"entryPointName":"web","level":"error","msg":"HTTP challenge is not enabled","routerName":"acme-http@internal","time":"2022-06-06T07:28:52Z"}
{"entryPointName":"web","level":"error","msg":"accept tcp [::]:80: use of closed network connection","time":"2022-06-06T07:32:37Z"}
{"entryPointName":"websecure","level":"error","msg":"accept tcp [::]:443: use of closed network connection","time":"2022-06-06T07:32:37Z"}
{"entryPointName":"traefik","level":"error","msg":"accept tcp [::]:8080: use of closed network connection","time":"2022-06-06T07:32:37Z"}
{"entryPointName":"traefik","level":"error","msg":"close tcp [::]:8080: use of closed network connection","time":"2022-06-06T07:32:37Z"}
{"entryPointName":"websecure","level":"error","msg":"close tcp [::]:443: use of closed network connection","time":"2022-06-06T07:32:37Z"}
{"entryPointName":"web","level":"error","msg":"close tcp [::]:80: use of closed network connection","time":"2022-06-06T07:32:37Z"}
{"level":"error","msg":"Cannot connect to docker server context canceled","providerName":"docker","time":"2022-06-06T07:32:37Z"}
{"level":"error","msg":"The ACME resolver \"le\" is skipped from the resolvers list because: unable to get ACME account: permissions 777 for acme.json are too open, please use 600","time":"2022-06-07T01:37:31Z"}
{"entryPointName":"metrics","level":"error","msg":"entryPoint \"metrics\" doesn't exist","routerName":"prometheus@internal","time":"2022-06-07T01:37:32Z"}
{"level":"error","msg":"no valid entryPoint for this router","routerName":"prometheus@internal","time":"2022-06-07T01:37:32Z"}
{"entryPointName":"web","level":"error","msg":"HTTP challenge is not enabled","routerName":"acme-http@internal","time":"2022-06-07T01:37:32Z"}
{"entryPointName":"metrics","level":"error","msg":"entryPoint \"metrics\" doesn't exist","routerName":"prometheus@internal","time":"2022-06-07T01:37:32Z"}
{"level":"error","msg":"no valid entryPoint for this router","routerName":"prometheus@internal","time":"2022-06-07T01:37:32Z"}
{"entryPointName":"web","level":"error","msg":"HTTP challenge is not enabled","routerName":"acme-http@internal","time":"2022-06-07T01:37:32Z"}
{"entryPointName":"web","level":"error","msg":"accept tcp [::]:80: use of closed network connection","time":"2022-06-07T01:41:42Z"}
{"entryPointName":"websecure","level":"error","msg":"accept tcp [::]:443: use of closed network connection","time":"2022-06-07T01:41:42Z"}
{"entryPointName":"traefik","level":"error","msg":"accept tcp [::]:8080: use of closed network connection","time":"2022-06-07T01:41:42Z"}
{"entryPointName":"websecure","level":"error","msg":"close tcp [::]:443: use of closed network connection","time":"2022-06-07T01:41:42Z"}
{"entryPointName":"web","level":"error","msg":"close tcp [::]:80: use of closed network connection","time":"2022-06-07T01:41:42Z"}
{"entryPointName":"traefik","level":"error","msg":"close tcp [::]:8080: use of closed network connection","time":"2022-06-07T01:41:42Z"}
{"level":"error","msg":"The ACME resolver \"le\" is skipped from the resolvers list because: unable to get ACME account: permissions 777 for acme.json are too open, please use 600","time":"2022-06-07T01:42:01Z"}
{"entryPointName":"metrics","level":"error","msg":"entryPoint \"metrics\" doesn't exist","routerName":"prometheus@internal","time":"2022-06-07T01:42:01Z"}
{"level":"error","msg":"no valid entryPoint for this router","routerName":"prometheus@internal","time":"2022-06-07T01:42:01Z"}
{"entryPointName":"web","level":"error","msg":"HTTP challenge is not enabled","routerName":"acme-http@internal","time":"2022-06-07T01:42:01Z"}
{"entryPointName":"metrics","level":"error","msg":"entryPoint \"metrics\" doesn't exist","routerName":"prometheus@internal","time":"2022-06-07T01:42:01Z"}
{"level":"error","msg":"no valid entryPoint for this router","routerName":"prometheus@internal","time":"2022-06-07T01:42:01Z"}
{"entryPointName":"web","level":"error","msg":"HTTP challenge is not enabled","routerName":"acme-http@internal","time":"2022-06-07T01:42:01Z"}
{"entryPointName":"metrics","level":"error","msg":"entryPoint \"metrics\" doesn't exist","routerName":"prometheus@internal","time":"2022-06-07T01:42:05Z"}
{"level":"error","msg":"no valid entryPoint for this router","routerName":"prometheus@internal","time":"2022-06-07T01:42:05Z"}
{"entryPointName":"web","level":"error","msg":"HTTP challenge is not enabled","routerName":"acme-http@internal","time":"2022-06-07T01:42:05Z"}
{"entryPointName":"traefik","level":"error","msg":"accept tcp [::]:8080: use of closed network connection","time":"2022-06-07T01:47:41Z"}
{"entryPointName":"web","level":"error","msg":"accept tcp [::]:80: use of closed network connection","time":"2022-06-07T01:47:41Z"}
{"entryPointName":"websecure","level":"error","msg":"accept tcp [::]:443: use of closed network connection","time":"2022-06-07T01:47:41Z"}
{"entryPointName":"traefik","level":"error","msg":"close tcp [::]:8080: use of closed network connection","time":"2022-06-07T01:47:41Z"}
{"entryPointName":"web","level":"error","msg":"close tcp [::]:80: use of closed network connection","time":"2022-06-07T01:47:41Z"}
{"entryPointName":"websecure","level":"error","msg":"close tcp [::]:443: use of closed network connection","time":"2022-06-07T01:47:41Z"}
{"level":"error","msg":"The ACME resolver \"le\" is skipped from the resolvers list because: unable to get ACME account: permissions 777 for acme.json are too open, please use 600","time":"2022-06-07T01:53:01Z"}
{"entryPointName":"metrics","level":"error","msg":"entryPoint \"metrics\" doesn't exist","routerName":"prometheus@internal","time":"2022-06-07T01:53:02Z"}
{"level":"error","msg":"no valid entryPoint for this router","routerName":"prometheus@internal","time":"2022-06-07T01:53:02Z"}
{"entryPointName":"web","level":"error","msg":"HTTP challenge is not enabled","routerName":"acme-http@internal","time":"2022-06-07T01:53:02Z"}
{"entryPointName":"metrics","level":"error","msg":"entryPoint \"metrics\" doesn't exist","routerName":"prometheus@internal","time":"2022-06-07T01:53:02Z"}
{"level":"error","msg":"no valid entryPoint for this router","routerName":"prometheus@internal","time":"2022-06-07T01:53:02Z"}
{"entryPointName":"web","level":"error","msg":"HTTP challenge is not enabled","routerName":"acme-http@internal","time":"2022-06-07T01:53:02Z"}
{"entryPointName":"websecure","level":"error","msg":"accept tcp [::]:443: use of closed network connection","time":"2022-06-07T01:54:41Z"}
{"entryPointName":"web","level":"error","msg":"accept tcp [::]:80: use of closed network connection","time":"2022-06-07T01:54:41Z"}
{"entryPointName":"traefik","level":"error","msg":"accept tcp [::]:8080: use of closed network connection","time":"2022-06-07T01:54:41Z"}
{"entryPointName":"websecure","level":"error","msg":"close tcp [::]:443: use of closed network connection","time":"2022-06-07T01:54:41Z"}
{"entryPointName":"traefik","level":"error","msg":"close tcp [::]:8080: use of closed network connection","time":"2022-06-07T01:54:42Z"}
{"entryPointName":"web","level":"error","msg":"close tcp [::]:80: use of closed network connection","time":"2022-06-07T01:54:42Z"}
{"level":"error","msg":"The ACME resolver \"le\" is skipped from the resolvers list because: unable to get ACME account: permissions 777 for acme.json are too open, please use 600","time":"2022-06-07T01:54:53Z"}
{"entryPointName":"metrics","level":"error","msg":"entryPoint \"metrics\" doesn't exist","routerName":"prometheus@internal","time":"2022-06-07T01:54:53Z"}
{"level":"error","msg":"no valid entryPoint for this router","routerName":"prometheus@internal","time":"2022-06-07T01:54:53Z"}
{"entryPointName":"web","level":"error","msg":"HTTP challenge is not enabled","routerName":"acme-http@internal","time":"2022-06-07T01:54:53Z"}
{"entryPointName":"metrics","level":"error","msg":"entryPoint \"metrics\" doesn't exist","routerName":"prometheus@internal","time":"2022-06-07T01:54:53Z"}
{"level":"error","msg":"no valid entryPoint for this router","routerName":"prometheus@internal","time":"2022-06-07T01:54:53Z"}
{"entryPointName":"web","level":"error","msg":"HTTP challenge is not enabled","routerName":"acme-http@internal","time":"2022-06-07T01:54:53Z"}
{"level":"error","msg":"The ACME resolver \"le\" is skipped from the resolvers list because: unable to get ACME account: permissions 777 for acme.json are too open, please use 600","time":"2022-06-07T01:55:10Z"}
{"entryPointName":"metrics","level":"error","msg":"entryPoint \"metrics\" doesn't exist","routerName":"prometheus@internal","time":"2022-06-07T01:55:11Z"}
{"level":"error","msg":"no valid entryPoint for this router","routerName":"prometheus@internal","time":"2022-06-07T01:55:11Z"}
{"entryPointName":"web","level":"error","msg":"HTTP challenge is not enabled","routerName":"acme-http@internal","time":"2022-06-07T01:55:11Z"}
{"entryPointName":"metrics","level":"error","msg":"entryPoint \"metrics\" doesn't exist","routerName":"prometheus@internal","time":"2022-06-07T01:55:11Z"}
{"level":"error","msg":"no valid entryPoint for this router","routerName":"prometheus@internal","time":"2022-06-07T01:55:11Z"}
{"entryPointName":"web","level":"error","msg":"HTTP challenge is not enabled","routerName":"acme-http@internal","time":"2022-06-07T01:55:11Z"}
{"entryPointName":"traefik","level":"error","msg":"accept tcp [::]:8080: use of closed network connection","time":"2022-06-07T01:55:56Z"}
{"entryPointName":"web","level":"error","msg":"accept tcp [::]:80: use of closed network connection","time":"2022-06-07T01:55:56Z"}
{"entryPointName":"websecure","level":"error","msg":"accept tcp [::]:443: use of closed network connection","time":"2022-06-07T01:55:56Z"}
{"entryPointName":"web","level":"error","msg":"close tcp [::]:80: use of closed network connection","time":"2022-06-07T01:55:56Z"}
{"entryPointName":"traefik","level":"error","msg":"close tcp [::]:8080: use of closed network connection","time":"2022-06-07T01:55:56Z"}
{"entryPointName":"websecure","level":"error","msg":"close tcp [::]:443: use of closed network connection","time":"2022-06-07T01:55:56Z"}
{"level":"error","msg":"The ACME resolver \"le\" is skipped from the resolvers list because: unable to get ACME account: permissions 777 for acme.json are too open, please use 600","time":"2022-06-07T01:56:01Z"}
{"entryPointName":"metrics","level":"error","msg":"entryPoint \"metrics\" doesn't exist","routerName":"prometheus@internal","time":"2022-06-07T01:56:01Z"}
{"level":"error","msg":"no valid entryPoint for this router","routerName":"prometheus@internal","time":"2022-06-07T01:56:01Z"}
{"entryPointName":"web","level":"error","msg":"HTTP challenge is not enabled","routerName":"acme-http@internal","time":"2022-06-07T01:56:01Z"}
{"entryPointName":"metrics","level":"error","msg":"entryPoint \"metrics\" doesn't exist","routerName":"prometheus@internal","time":"2022-06-07T01:56:01Z"}
{"level":"error","msg":"no valid entryPoint for this router","routerName":"prometheus@internal","time":"2022-06-07T01:56:01Z"}
{"entryPointName":"web","level":"error","msg":"HTTP challenge is not enabled","routerName":"acme-http@internal","time":"2022-06-07T01:56:01Z"}
{"entryPointName":"web","level":"error","msg":"accept tcp [::]:80: use of closed network connection","time":"2022-06-07T02:04:55Z"}
{"entryPointName":"traefik","level":"error","msg":"accept tcp [::]:8080: use of closed network connection","time":"2022-06-07T02:04:55Z"}
{"entryPointName":"websecure","level":"error","msg":"accept tcp [::]:443: use of closed network connection","time":"2022-06-07T02:04:55Z"}
{"entryPointName":"web","level":"error","msg":"close tcp [::]:80: use of closed network connection","time":"2022-06-07T02:04:55Z"}
{"entryPointName":"traefik","level":"error","msg":"close tcp [::]:8080: use of closed network connection","time":"2022-06-07T02:04:55Z"}
{"entryPointName":"websecure","level":"error","msg":"close tcp [::]:443: use of closed network connection","time":"2022-06-07T02:04:55Z"}
{"level":"error","msg":"The ACME resolver \"le\" is skipped from the resolvers list because: unable to get ACME account: permissions 777 for acme.json are too open, please use 600","time":"2022-06-07T02:05:04Z"}
{"entryPointName":"metrics","level":"error","msg":"entryPoint \"metrics\" doesn't exist","routerName":"prometheus@internal","time":"2022-06-07T02:05:04Z"}
{"level":"error","msg":"no valid entryPoint for this router","routerName":"prometheus@internal","time":"2022-06-07T02:05:04Z"}
{"entryPointName":"web","level":"error","msg":"HTTP challenge is not enabled","routerName":"acme-http@internal","time":"2022-06-07T02:05:04Z"}
{"entryPointName":"metrics","level":"error","msg":"entryPoint \"metrics\" doesn't exist","routerName":"prometheus@internal","time":"2022-06-07T02:05:05Z"}
{"level":"error","msg":"no valid entryPoint for this router","routerName":"prometheus@internal","time":"2022-06-07T02:05:05Z"}
{"entryPointName":"web","level":"error","msg":"HTTP challenge is not enabled","routerName":"acme-http@internal","time":"2022-06-07T02:05:05Z"}
{"level":"error","msg":"The ACME resolver \"le\" is skipped from the resolvers list because: unable to get ACME account: permissions 777 for acme.json are too open, please use 600","time":"2022-06-07T02:05:44Z"}
{"entryPointName":"metrics","level":"error","msg":"entryPoint \"metrics\" doesn't exist","routerName":"prometheus@internal","time":"2022-06-07T02:05:44Z"}
{"level":"error","msg":"no valid entryPoint for this router","routerName":"prometheus@internal","time":"2022-06-07T02:05:44Z"}
{"entryPointName":"web","level":"error","msg":"HTTP challenge is not enabled","routerName":"acme-http@internal","time":"2022-06-07T02:05:44Z"}
{"entryPointName":"metrics","level":"error","msg":"entryPoint \"metrics\" doesn't exist","routerName":"prometheus@internal","time":"2022-06-07T02:05:44Z"}
{"level":"error","msg":"no valid entryPoint for this router","routerName":"prometheus@internal","time":"2022-06-07T02:05:44Z"}
{"entryPointName":"web","level":"error","msg":"HTTP challenge is not enabled","routerName":"acme-http@internal","time":"2022-06-07T02:05:44Z"}
{"level":"error","msg":"The ACME resolver \"le\" is skipped from the resolvers list because: unable to get ACME account: permissions 777 for acme.json are too open, please use 600","time":"2022-06-07T02:07:46Z"}
{"entryPointName":"metrics","level":"error","msg":"entryPoint \"metrics\" doesn't exist","routerName":"prometheus@internal","time":"2022-06-07T02:07:46Z"}
{"level":"error","msg":"no valid entryPoint for this router","routerName":"prometheus@internal","time":"2022-06-07T02:07:46Z"}
{"entryPointName":"web","level":"error","msg":"HTTP challenge is not enabled","routerName":"acme-http@internal","time":"2022-06-07T02:07:46Z"}
{"entryPointName":"metrics","level":"error","msg":"entryPoint \"metrics\" doesn't exist","routerName":"prometheus@internal","time":"2022-06-07T02:07:46Z"}
{"level":"error","msg":"no valid entryPoint for this router","routerName":"prometheus@internal","time":"2022-06-07T02:07:46Z"}
{"entryPointName":"web","level":"error","msg":"HTTP challenge is not enabled","routerName":"acme-http@internal","time":"2022-06-07T02:07:46Z"}
{"level":"error","msg":"The ACME resolver \"le\" is skipped from the resolvers list because: unable to get ACME account: permissions 777 for acme.json are too open, please use 600","time":"2022-06-07T02:10:26Z"}
{"entryPointName":"metrics","level":"error","msg":"entryPoint \"metrics\" doesn't exist","routerName":"prometheus@internal","time":"2022-06-07T02:10:26Z"}
{"level":"error","msg":"no valid entryPoint for this router","routerName":"prometheus@internal","time":"2022-06-07T02:10:26Z"}
{"entryPointName":"web","level":"error","msg":"HTTP challenge is not enabled","routerName":"acme-http@internal","time":"2022-06-07T02:10:26Z"}
{"entryPointName":"metrics","level":"error","msg":"entryPoint \"metrics\" doesn't exist","routerName":"prometheus@internal","time":"2022-06-07T02:10:26Z"}
{"level":"error","msg":"no valid entryPoint for this router","routerName":"prometheus@internal","time":"2022-06-07T02:10:26Z"}
{"entryPointName":"web","level":"error","msg":"HTTP challenge is not enabled","routerName":"acme-http@internal","time":"2022-06-07T02:10:26Z"}
{"entryPointName":"traefik","level":"error","msg":"accept tcp [::]:8080: use of closed network connection","time":"2022-06-07T02:11:44Z"}
{"entryPointName":"web","level":"error","msg":"accept tcp [::]:80: use of closed network connection","time":"2022-06-07T02:11:44Z"}
{"entryPointName":"websecure","level":"error","msg":"accept tcp [::]:443: use of closed network connection","time":"2022-06-07T02:11:44Z"}
{"entryPointName":"traefik","level":"error","msg":"close tcp [::]:8080: use of closed network connection","time":"2022-06-07T02:11:44Z"}
{"entryPointName":"web","level":"error","msg":"close tcp [::]:80: use of closed network connection","time":"2022-06-07T02:11:44Z"}
{"entryPointName":"websecure","level":"error","msg":"close tcp [::]:443: use of closed network connection","time":"2022-06-07T02:11:44Z"}
{"level":"error","msg":"The ACME resolver \"le\" is skipped from the resolvers list because: unable to get ACME account: permissions 777 for acme.json are too open, please use 600","time":"2022-06-07T02:11:45Z"}
{"entryPointName":"metrics","level":"error","msg":"entryPoint \"metrics\" doesn't exist","routerName":"prometheus@internal","time":"2022-06-07T02:11:45Z"}
{"level":"error","msg":"no valid entryPoint for this router","routerName":"prometheus@internal","time":"2022-06-07T02:11:45Z"}
{"entryPointName":"web","level":"error","msg":"HTTP challenge is not enabled","routerName":"acme-http@internal","time":"2022-06-07T02:11:45Z"}
{"entryPointName":"metrics","level":"error","msg":"entryPoint \"metrics\" doesn't exist","routerName":"prometheus@internal","time":"2022-06-07T02:11:45Z"}
{"level":"error","msg":"no valid entryPoint for this router","routerName":"prometheus@internal","time":"2022-06-07T02:11:45Z"}
{"entryPointName":"web","level":"error","msg":"HTTP challenge is not enabled","routerName":"acme-http@internal","time":"2022-06-07T02:11:45Z"}
{"entryPointName":"metrics","level":"error","msg":"entryPoint \"metrics\" doesn't exist","routerName":"prometheus@internal","time":"2022-06-07T02:12:36Z"}
{"level":"error","msg":"no valid entryPoint for this router","routerName":"prometheus@internal","time":"2022-06-07T02:12:36Z"}
{"entryPointName":"web","level":"error","msg":"HTTP challenge is not enabled","routerName":"acme-http@internal","time":"2022-06-07T02:12:36Z"}
{"entryPointName":"metrics","level":"error","msg":"entryPoint \"metrics\" doesn't exist","routerName":"prometheus@internal","time":"2022-06-07T02:16:26Z"}
{"level":"error","msg":"no valid entryPoint for this router","routerName":"prometheus@internal","time":"2022-06-07T02:16:26Z"}
{"entryPointName":"web","level":"error","msg":"HTTP challenge is not enabled","routerName":"acme-http@internal","time":"2022-06-07T02:16:26Z"}
{"entryPointName":"metrics","level":"error","msg":"entryPoint \"metrics\" doesn't exist","routerName":"prometheus@internal","time":"2022-06-07T02:16:28Z"}
{"level":"error","msg":"no valid entryPoint for this router","routerName":"prometheus@internal","time":"2022-06-07T02:16:28Z"}
{"entryPointName":"web","level":"error","msg":"HTTP challenge is not enabled","routerName":"acme-http@internal","time":"2022-06-07T02:16:28Z"}
{"entryPointName":"metrics","level":"error","msg":"entryPoint \"metrics\" doesn't exist","routerName":"prometheus@internal","time":"2022-06-07T02:17:02Z"}
{"level":"error","msg":"no valid entryPoint for this router","routerName":"prometheus@internal","time":"2022-06-07T02:17:02Z"}
{"entryPointName":"web","level":"error","msg":"HTTP challenge is not enabled","routerName":"acme-http@internal","time":"2022-06-07T02:17:02Z"}
{"entryPointName":"metrics","level":"error","msg":"entryPoint \"metrics\" doesn't exist","routerName":"prometheus@internal","time":"2022-06-07T02:17:07Z"}
{"level":"error","msg":"no valid entryPoint for this router","routerName":"prometheus@internal","time":"2022-06-07T02:17:07Z"}
{"entryPointName":"web","level":"error","msg":"HTTP challenge is not enabled","routerName":"acme-http@internal","time":"2022-06-07T02:17:07Z"}
{"level":"error","msg":"the router cra@docker uses a non-existent resolver: le","time":"2022-06-07T02:17:07Z"}
{"entryPointName":"metrics","level":"error","msg":"entryPoint \"metrics\" doesn't exist","routerName":"prometheus@internal","time":"2022-06-07T02:26:55Z"}
{"level":"error","msg":"no valid entryPoint for this router","routerName":"prometheus@internal","time":"2022-06-07T02:26:55Z"}
{"entryPointName":"web","level":"error","msg":"HTTP challenge is not enabled","routerName":"acme-http@internal","time":"2022-06-07T02:26:55Z"}
{"entryPointName":"metrics","level":"error","msg":"entryPoint \"metrics\" doesn't exist","routerName":"prometheus@internal","time":"2022-06-07T02:27:16Z"}
{"level":"error","msg":"no valid entryPoint for this router","routerName":"prometheus@internal","time":"2022-06-07T02:27:16Z"}
{"entryPointName":"web","level":"error","msg":"HTTP challenge is not enabled","routerName":"acme-http@internal","time":"2022-06-07T02:27:16Z"}
{"level":"error","msg":"the router cra@docker uses a non-existent resolver: le","time":"2022-06-07T02:27:16Z"}
{"entryPointName":"metrics","level":"error","msg":"entryPoint \"metrics\" doesn't exist","routerName":"prometheus@internal","time":"2022-06-07T02:28:28Z"}
{"level":"error","msg":"no valid entryPoint for this router","routerName":"prometheus@internal","time":"2022-06-07T02:28:28Z"}
{"entryPointName":"web","level":"error","msg":"HTTP challenge is not enabled","routerName":"acme-http@internal","time":"2022-06-07T02:28:28Z"}
{"entryPointName":"metrics","level":"error","msg":"entryPoint \"metrics\" doesn't exist","routerName":"prometheus@internal","time":"2022-06-07T02:28:37Z"}
{"level":"error","msg":"no valid entryPoint for this router","routerName":"prometheus@internal","time":"2022-06-07T02:28:37Z"}
{"entryPointName":"web","level":"error","msg":"HTTP challenge is not enabled","routerName":"acme-http@internal","time":"2022-06-07T02:28:37Z"}
{"level":"error","msg":"the router cra@docker uses a non-existent resolver: le","time":"2022-06-07T02:28:37Z"}
{"entryPointName":"metrics","level":"error","msg":"entryPoint \"metrics\" doesn't exist","routerName":"prometheus@internal","time":"2022-06-07T02:29:10Z"}
{"level":"error","msg":"no valid entryPoint for this router","routerName":"prometheus@internal","time":"2022-06-07T02:29:10Z"}
{"entryPointName":"web","level":"error","msg":"HTTP challenge is not enabled","routerName":"acme-http@internal","time":"2022-06-07T02:29:10Z"}
{"entryPointName":"traefik","level":"error","msg":"accept tcp [::]:8080: use of closed network connection","time":"2022-06-07T02:29:12Z"}
{"entryPointName":"web","level":"error","msg":"accept tcp [::]:80: use of closed network connection","time":"2022-06-07T02:29:12Z"}
{"entryPointName":"websecure","level":"error","msg":"accept tcp [::]:443: use of closed network connection","time":"2022-06-07T02:29:12Z"}
{"entryPointName":"traefik","level":"error","msg":"close tcp [::]:8080: use of closed network connection","time":"2022-06-07T02:29:12Z"}
{"entryPointName":"web","level":"error","msg":"close tcp [::]:80: use of closed network connection","time":"2022-06-07T02:29:12Z"}
{"entryPointName":"websecure","level":"error","msg":"close tcp [::]:443: use of closed network connection","time":"2022-06-07T02:29:12Z"}
{"level":"error","msg":"The ACME resolver \"le\" is skipped from the resolvers list because: unable to get ACME account: permissions 777 for acme.json are too open, please use 600","time":"2022-06-07T06:20:23Z"}
{"entryPointName":"metrics","level":"error","msg":"entryPoint \"metrics\" doesn't exist","routerName":"prometheus@internal","time":"2022-06-07T06:20:23Z"}
{"level":"error","msg":"no valid entryPoint for this router","routerName":"prometheus@internal","time":"2022-06-07T06:20:23Z"}
{"entryPointName":"web","level":"error","msg":"HTTP challenge is not enabled","routerName":"acme-http@internal","time":"2022-06-07T06:20:23Z"}
{"entryPointName":"metrics","level":"error","msg":"entryPoint \"metrics\" doesn't exist","routerName":"prometheus@internal","time":"2022-06-07T06:20:23Z"}
{"level":"error","msg":"no valid entryPoint for this router","routerName":"prometheus@internal","time":"2022-06-07T06:20:23Z"}
{"entryPointName":"web","level":"error","msg":"HTTP challenge is not enabled","routerName":"acme-http@internal","time":"2022-06-07T06:20:23Z"}
{"entryPointName":"metrics","level":"error","msg":"entryPoint \"metrics\" doesn't exist","routerName":"prometheus@internal","time":"2022-06-07T06:20:35Z"}
{"level":"error","msg":"no valid entryPoint for this router","routerName":"prometheus@internal","time":"2022-06-07T06:20:35Z"}
{"entryPointName":"web","level":"error","msg":"HTTP challenge is not enabled","routerName":"acme-http@internal","time":"2022-06-07T06:20:35Z"}
{"level":"error","msg":"the router cra@docker uses a non-existent resolver: le","time":"2022-06-07T06:20:35Z"}
{"level":"error","msg":"The ACME resolver \"le\" is skipped from the resolvers list because: unable to get ACME account: permissions 777 for acme.json are too open, please use 600","time":"2022-06-07T06:24:10Z"}
{"entryPointName":"metrics","level":"error","msg":"entryPoint \"metrics\" doesn't exist","routerName":"prometheus@internal","time":"2022-06-07T06:24:10Z"}
{"level":"error","msg":"no valid entryPoint for this router","routerName":"prometheus@internal","time":"2022-06-07T06:24:10Z"}
{"entryPointName":"web","level":"error","msg":"HTTP challenge is not enabled","routerName":"acme-http@internal","time":"2022-06-07T06:24:10Z"}
{"entryPointName":"metrics","level":"error","msg":"entryPoint \"metrics\" doesn't exist","routerName":"prometheus@internal","time":"2022-06-07T06:24:10Z"}
{"level":"error","msg":"no valid entryPoint for this router","routerName":"prometheus@internal","time":"2022-06-07T06:24:10Z"}
{"entryPointName":"web","level":"error","msg":"HTTP challenge is not enabled","routerName":"acme-http@internal","time":"2022-06-07T06:24:10Z"}
{"entryPointName":"metrics","level":"error","msg":"entryPoint \"metrics\" doesn't exist","routerName":"prometheus@internal","time":"2022-06-07T06:24:26Z"}
{"level":"error","msg":"no valid entryPoint for this router","routerName":"prometheus@internal","time":"2022-06-07T06:24:26Z"}
{"entryPointName":"web","level":"error","msg":"HTTP challenge is not enabled","routerName":"acme-http@internal","time":"2022-06-07T06:24:26Z"}
{"level":"error","msg":"the router cra@docker uses a non-existent resolver: le","time":"2022-06-07T06:24:26Z"}
{"entryPointName":"metrics","level":"error","msg":"entryPoint \"metrics\" doesn't exist","routerName":"prometheus@internal","time":"2022-06-07T06:28:30Z"}
{"level":"error","msg":"no valid entryPoint for this router","routerName":"prometheus@internal","time":"2022-06-07T06:28:30Z"}
{"entryPointName":"web","level":"error","msg":"HTTP challenge is not enabled","routerName":"acme-http@internal","time":"2022-06-07T06:28:30Z"}
{"container":"nervous-shamir-141ef50af229d73461e1bcb06059b5f7bafc9fe1956c219fcceba4ee4db08916","level":"error","msg":"service \"nervous-shamir\" error: port is missing","providerName":"docker","time":"2022-06-07T06:36:37Z"}
{"container":"sad-fermi-ba8abaa9def87a55226fc8a4c651105fac083fd66bc8709c8c4b75effd479851","level":"error","msg":"service \"sad-fermi\" error: port is missing","providerName":"docker","time":"2022-06-07T06:37:55Z"}
{"entryPointName":"metrics","level":"error","msg":"entryPoint \"metrics\" doesn't exist","routerName":"prometheus@internal","time":"2022-06-07T06:38:15Z"}
{"level":"error","msg":"no valid entryPoint for this router","routerName":"prometheus@internal","time":"2022-06-07T06:38:15Z"}
{"entryPointName":"web","level":"error","msg":"HTTP challenge is not enabled","routerName":"acme-http@internal","time":"2022-06-07T06:38:15Z"}
{"level":"error","msg":"the router cra@docker uses a non-existent resolver: le","time":"2022-06-07T06:38:15Z"}
{"entryPointName":"metrics","level":"error","msg":"entryPoint \"metrics\" doesn't exist","routerName":"prometheus@internal","time":"2022-06-07T06:39:18Z"}
{"level":"error","msg":"no valid entryPoint for this router","routerName":"prometheus@internal","time":"2022-06-07T06:39:18Z"}
{"entryPointName":"web","level":"error","msg":"HTTP challenge is not enabled","routerName":"acme-http@internal","time":"2022-06-07T06:39:18Z"}
{"entryPointName":"metrics","level":"error","msg":"entryPoint \"metrics\" doesn't exist","routerName":"prometheus@internal","time":"2022-06-07T06:40:00Z"}
{"level":"error","msg":"no valid entryPoint for this router","routerName":"prometheus@internal","time":"2022-06-07T06:40:00Z"}
{"entryPointName":"web","level":"error","msg":"HTTP challenge is not enabled","routerName":"acme-http@internal","time":"2022-06-07T06:40:00Z"}
{"level":"error","msg":"the router cra@docker uses a non-existent resolver: le","time":"2022-06-07T06:40:00Z"}
{"entryPointName":"metrics","level":"error","msg":"entryPoint \"metrics\" doesn't exist","routerName":"prometheus@internal","time":"2022-06-07T06:42:02Z"}
{"level":"error","msg":"no valid entryPoint for this router","routerName":"prometheus@internal","time":"2022-06-07T06:42:02Z"}
{"entryPointName":"web","level":"error","msg":"HTTP challenge is not enabled","routerName":"acme-http@internal","time":"2022-06-07T06:42:02Z"}
{"entryPointName":"metrics","level":"error","msg":"entryPoint \"metrics\" doesn't exist","routerName":"prometheus@internal","time":"2022-06-07T06:43:41Z"}
{"level":"error","msg":"no valid entryPoint for this router","routerName":"prometheus@internal","time":"2022-06-07T06:43:41Z"}
{"entryPointName":"web","level":"error","msg":"HTTP challenge is not enabled","routerName":"acme-http@internal","time":"2022-06-07T06:43:41Z"}
{"level":"error","msg":"the router cra@docker uses a non-existent resolver: le","time":"2022-06-07T06:43:41Z"}
{"entryPointName":"web","level":"error","msg":"accept tcp [::]:80: use of closed network connection","time":"2022-06-07T06:45:05Z"}
{"entryPointName":"websecure","level":"error","msg":"accept tcp [::]:443: use of closed network connection","time":"2022-06-07T06:45:05Z"}
{"entryPointName":"traefik","level":"error","msg":"accept tcp [::]:8080: use of closed network connection","time":"2022-06-07T06:45:05Z"}
{"entryPointName":"websecure","level":"error","msg":"close tcp [::]:443: use of closed network connection","time":"2022-06-07T06:45:05Z"}
{"entryPointName":"web","level":"error","msg":"close tcp [::]:80: use of closed network connection","time":"2022-06-07T06:45:05Z"}
{"entryPointName":"traefik","level":"error","msg":"close tcp [::]:8080: use of closed network connection","time":"2022-06-07T06:45:05Z"}
{"level":"error","msg":"The ACME resolver \"le\" is skipped from the resolvers list because: unable to get ACME account: permissions 777 for acme.json are too open, please use 600","time":"2022-06-07T06:45:18Z"}
{"entryPointName":"metrics","level":"error","msg":"entryPoint \"metrics\" doesn't exist","routerName":"prometheus@internal","time":"2022-06-07T06:45:19Z"}
{"level":"error","msg":"no valid entryPoint for this router","routerName":"prometheus@internal","time":"2022-06-07T06:45:19Z"}
{"entryPointName":"web","level":"error","msg":"HTTP challenge is not enabled","routerName":"acme-http@internal","time":"2022-06-07T06:45:19Z"}
{"entryPointName":"metrics","level":"error","msg":"entryPoint \"metrics\" doesn't exist","routerName":"prometheus@internal","time":"2022-06-07T06:45:19Z"}
{"level":"error","msg":"no valid entryPoint for this router","routerName":"prometheus@internal","time":"2022-06-07T06:45:19Z"}
{"entryPointName":"web","level":"error","msg":"HTTP challenge is not enabled","routerName":"acme-http@internal","time":"2022-06-07T06:45:19Z"}
{"entryPointName":"metrics","level":"error","msg":"entryPoint \"metrics\" doesn't exist","routerName":"prometheus@internal","time":"2022-06-07T06:45:34Z"}
{"level":"error","msg":"no valid entryPoint for this router","routerName":"prometheus@internal","time":"2022-06-07T06:45:34Z"}
{"entryPointName":"web","level":"error","msg":"HTTP challenge is not enabled","routerName":"acme-http@internal","time":"2022-06-07T06:45:34Z"}
{"level":"error","msg":"the router cra@docker uses a non-existent resolver: le","time":"2022-06-07T06:45:34Z"}
{"entryPointName":"metrics","level":"error","msg":"entryPoint \"metrics\" doesn't exist","routerName":"prometheus@internal","time":"2022-06-07T06:47:28Z"}
{"level":"error","msg":"no valid entryPoint for this router","routerName":"prometheus@internal","time":"2022-06-07T06:47:28Z"}
{"entryPointName":"web","level":"error","msg":"HTTP challenge is not enabled","routerName":"acme-http@internal","time":"2022-06-07T06:47:28Z"}
{"entryPointName":"metrics","level":"error","msg":"entryPoint \"metrics\" doesn't exist","routerName":"prometheus@internal","time":"2022-06-07T06:47:50Z"}
{"level":"error","msg":"no valid entryPoint for this router","routerName":"prometheus@internal","time":"2022-06-07T06:47:50Z"}
{"entryPointName":"web","level":"error","msg":"HTTP challenge is not enabled","routerName":"acme-http@internal","time":"2022-06-07T06:47:50Z"}
{"level":"error","msg":"the router cra@docker uses a non-existent resolver: le","time":"2022-06-07T06:47:50Z"}
{"entryPointName":"metrics","level":"error","msg":"entryPoint \"metrics\" doesn't exist","routerName":"prometheus@internal","time":"2022-06-07T06:48:18Z"}
{"level":"error","msg":"no valid entryPoint for this router","routerName":"prometheus@internal","time":"2022-06-07T06:48:18Z"}
{"entryPointName":"web","level":"error","msg":"HTTP challenge is not enabled","routerName":"acme-http@internal","time":"2022-06-07T06:48:18Z"}
{"container":"quirky-khorana-7bdb1d60fdae1433a047650f23be0cdb765e8dd4f24b35c047d69c203268815f","level":"error","msg":"service \"quirky-khorana\" error: port is missing","providerName":"docker","time":"2022-06-07T06:48:58Z"}
{"entryPointName":"metrics","level":"error","msg":"entryPoint \"metrics\" doesn't exist","routerName":"prometheus@internal","time":"2022-06-07T06:49:16Z"}
{"level":"error","msg":"no valid entryPoint for this router","routerName":"prometheus@internal","time":"2022-06-07T06:49:16Z"}
{"entryPointName":"web","level":"error","msg":"HTTP challenge is not enabled","routerName":"acme-http@internal","time":"2022-06-07T06:49:16Z"}
{"level":"error","msg":"the router cra@docker uses a non-existent resolver: le","time":"2022-06-07T06:49:16Z"}
